<?xml version="1.0" encoding="UTF-8"?>
<!-- Generated by org.testng.reporters.JUnitXMLReporter -->
<testsuite ignored="5" hostname="DESKTOP-3C4SJB2" failures="1" tests="7" name="login testing" time="69.123" errors="0" timestamp="2024-09-24T08:34:30 IST">
  <testcase classname="com.sevenrmartsupermarket.tests.AdminTest" name="subCategoryNavigation" time="5.03"/>
  <testcase classname="com.sevenrmartsupermarket.tests.LoginTest" name="verifyInvalidcredentials" time="3.172">
    <failure type="org.openqa.selenium.InvalidSelectorException" message="invalid selector
from javascript error: {&amp;quot;status&amp;quot;:32,&amp;quot;value&amp;quot;:&amp;quot;Unable to locate an element with the xpath expression //div[@class=&amp;apos;alert alert-danger alert-dismissible&amp;apos;]) because of the following error:\nSyntaxError: Failed to execute &amp;apos;evaluate&amp;apos; on &amp;apos;Document&amp;apos;: The string &amp;apos;//div[@class=&amp;apos;alert alert-danger alert-dismissible&amp;apos;])&amp;apos; is not a valid XPath expression.&amp;quot;}
  (Session info: chrome=128.0.6613.138)
For documentation on this error, please visit: https://www.selenium.dev/documentation/webdriver/troubleshooting/errors#invalid-selector-exception
Build info: version: &amp;apos;4.10.0&amp;apos;, revision: &amp;apos;c14d967899&amp;apos;
System info: os.name: &amp;apos;Windows 10&amp;apos;, os.arch: &amp;apos;amd64&amp;apos;, os.version: &amp;apos;10.0&amp;apos;, java.version: &amp;apos;22.0.1&amp;apos;
Driver info: org.openqa.selenium.chrome.ChromeDriver
Command: [47a48c945a03bf29762f6b71e205ffac, findElement {using=xpath, value=//div[@class=&amp;apos;alert alert-danger alert-dismissible&amp;apos;])}]
Capabilities {acceptInsecureCerts: false, browserName: chrome, browserVersion: 128.0.6613.138, chrome: {chromedriverVersion: 128.0.6613.137 (fe621c5aa2d..., userDataDir: C:\Users\_\AppData\Local\Te...}, fedcm:accounts: true, goog:chromeOptions: {debuggerAddress: localhost:62974}, networkConnectionEnabled: false, pageLoadStrategy: normal, platformName: windows, proxy: Proxy(), se:cdp: ws://localhost:62974/devtoo..., se:cdpVersion: 128.0.6613.138, setWindowRect: true, strictFileInteractability: false, timeouts: {implicit: 0, pageLoad: 300000, script: 30000}, unhandledPromptBehavior: dismiss and notify, webauthn:extension:credBlob: true, webauthn:extension:largeBlob: true, webauthn:extension:minPinLength: true, webauthn:extension:prf: true, webauthn:virtualAuthenticators: true}
Session ID: 47a48c945a03bf29762f6b71e205ffac">
      <![CDATA[org.openqa.selenium.InvalidSelectorException: invalid selector
from javascript error: {"status":32,"value":"Unable to locate an element with the xpath expression //div[@class='alert alert-danger alert-dismissible']) because of the following error:\nSyntaxError: Failed to execute 'evaluate' on 'Document': The string '//div[@class='alert alert-danger alert-dismissible'])' is not a valid XPath expression."}
  (Session info: chrome=128.0.6613.138)
For documentation on this error, please visit: https://www.selenium.dev/documentation/webdriver/troubleshooting/errors#invalid-selector-exception
Build info: version: '4.10.0', revision: 'c14d967899'
System info: os.name: 'Windows 10', os.arch: 'amd64', os.version: '10.0', java.version: '22.0.1'
Driver info: org.openqa.selenium.chrome.ChromeDriver
Command: [47a48c945a03bf29762f6b71e205ffac, findElement {using=xpath, value=//div[@class='alert alert-danger alert-dismissible'])}]
Capabilities {acceptInsecureCerts: false, browserName: chrome, browserVersion: 128.0.6613.138, chrome: {chromedriverVersion: 128.0.6613.137 (fe621c5aa2d..., userDataDir: C:\Users\_\AppData\Local\Te...}, fedcm:accounts: true, goog:chromeOptions: {debuggerAddress: localhost:62974}, networkConnectionEnabled: false, pageLoadStrategy: normal, platformName: windows, proxy: Proxy(), se:cdp: ws://localhost:62974/devtoo..., se:cdpVersion: 128.0.6613.138, setWindowRect: true, strictFileInteractability: false, timeouts: {implicit: 0, pageLoad: 300000, script: 30000}, unhandledPromptBehavior: dismiss and notify, webauthn:extension:credBlob: true, webauthn:extension:largeBlob: true, webauthn:extension:minPinLength: true, webauthn:extension:prf: true, webauthn:virtualAuthenticators: true}
Session ID: 47a48c945a03bf29762f6b71e205ffac
at org.openqa.selenium.remote.codec.w3c.W3CHttpResponseCodec.createException(W3CHttpResponseCodec.java:199)
at org.openqa.selenium.remote.codec.w3c.W3CHttpResponseCodec.decode(W3CHttpResponseCodec.java:132)
at org.openqa.selenium.remote.codec.w3c.W3CHttpResponseCodec.decode(W3CHttpResponseCodec.java:51)
at org.openqa.selenium.remote.HttpCommandExecutor.execute(HttpCommandExecutor.java:191)
at org.openqa.selenium.remote.service.DriverCommandExecutor.invokeExecute(DriverCommandExecutor.java:196)
at org.openqa.selenium.remote.service.DriverCommandExecutor.execute(DriverCommandExecutor.java:171)
at org.openqa.selenium.remote.RemoteWebDriver.execute(RemoteWebDriver.java:531)
at org.openqa.selenium.remote.ElementLocation$ElementFinder$2.findElement(ElementLocation.java:165)
at org.openqa.selenium.remote.ElementLocation.findElement(ElementLocation.java:59)
at org.openqa.selenium.remote.RemoteWebDriver.findElement(RemoteWebDriver.java:350)
at org.openqa.selenium.remote.RemoteWebDriver.findElement(RemoteWebDriver.java:344)
at org.openqa.selenium.support.pagefactory.DefaultElementLocator.findElement(DefaultElementLocator.java:68)
at org.openqa.selenium.support.pagefactory.internal.LocatingElementHandler.invoke(LocatingElementHandler.java:38)
at jdk.proxy2/jdk.proxy2.$Proxy17.getText(Unknown Source)
at com.sevenrmartsupermarket.pages.LoginPage.verifyInvalidCredentials(LoginPage.java:60)
at com.sevenrmartsupermarket.tests.LoginTest.verifyInvalidcredentials(LoginTest.java:67)
at java.base/java.util.concurrent.ThreadPoolExecutor.runWorker(ThreadPoolExecutor.java:1144)
at java.base/java.util.concurrent.ThreadPoolExecutor$Worker.run(ThreadPoolExecutor.java:642)
at java.base/java.lang.Thread.run(Thread.java:1570)
... Removed 13 stack frames]]>
    </failure>
  </testcase> <!-- verifyInvalidcredentials -->
  <testcase classname="com.sevenrmartsupermarket.tests.SubCategoryTest" name="clickOnNew" time="6.209"/>
  <testcase classname="com.sevenrmartsupermarket.tests.AdminTest" name="verifyUserLogo" time="5.892"/>
  <testcase classname="com.sevenrmartsupermarket.tests.LoginTest" name="verifyLogin" time="12.096"/>
  <testcase classname="com.sevenrmartsupermarket.tests.SubCategoryTest" name="enterSubCategoryInfo" time="18.101"/>
  <testcase classname="com.sevenrmartsupermarket.tests.LoginTest" name="verifyRememberme" time="0.329"/>
  <testcase classname="com.sevenrmartsupermarket.tests.AdminTest" name="verifyDashboardbgcolor" time="0.0">
    <ignored/>
  </testcase> <!-- verifyDashboardbgcolor -->
  <testcase classname="com.sevenrmartsupermarket.tests.LoginTest" name="verifyLoginDataprovider" time="0.0">
    <ignored/>
  </testcase> <!-- verifyLoginDataprovider -->
  <testcase classname="com.sevenrmartsupermarket.tests.AdminTest" name="verifySubcategorybgcolor" time="0.0">
    <ignored/>
  </testcase> <!-- verifySubcategorybgcolor -->
  <testcase classname="com.sevenrmartsupermarket.tests.SubCategoryTest" name="verifySubCategoryheader" time="0.0">
    <ignored/>
  </testcase> <!-- verifySubCategoryheader -->
  <testcase classname="com.sevenrmartsupermarket.tests.AdminTest" name="adminUsersPageNavigation" time="0.0">
    <ignored/>
  </testcase> <!-- adminUsersPageNavigation -->
</testsuite> <!-- login testing -->
